
https://www.sreality.cz/detail/prodej/byt/2+kk/praha-holesovice-u-pergamenky/3455659612
https://www.sreality.cz/detail/prodej/byt/2+kk/praha-holesovice-v-zavetri/2337795676
https://www.sreality.cz/detail/prodej/byt/2+kk/praha-holesovice-v-zavetri/2606231132
https://www.sreality.cz/detail/prodej/byt/2+kk/praha-holesovice-v-zavetri/2874666588
https://www.sreality.cz/detail/prodej/byt/1+1/praha-holesovice-bubenska/4224859740
https://www.sreality.cz/detail/prodej/byt/2+1/praha-holesovice-u-vody/517680732
https://www.sreality.cz/detail/prodej/byt/2+kk/praha-holesovice-u-pruhonu/490286684
https://www.sreality.cz/detail/prodej/byt/2+kk/praha-holesovice-u-parniho-mlyna/4088479324
https://www.sreality.cz/detail/prodej/byt/2+kk/praha-holesovice-u-uranie/631909980
https://www.sreality.cz/detail/prodej/byt/2+kk/praha-holesovice-sanderova/991571548
https://www.sreality.cz/detail/prodej/byt/2+kk/praha-holesovice-u-mestskych-domu/434454108
https://www.sreality.cz/detail/prodej/byt/2+kk/praha-holesovice-pristavni/2116693596
https://www.sreality.cz/detail/prodej/byt/1+1/praha-holesovice-na-maninach/3567533660
https://www.sreality.cz/detail/prodej/byt/2+kk/praha-holesovice-poupetova/1719811676
https://www.sreality.cz/detail/prodej/byt/2+kk/praha-holesovice-poupetova/968502876
https://www.sreality.cz/detail/prodej/byt/2+kk/praha-holesovice-u-mestskych-domu/3675733596
https://www.sreality.cz/detail/prodej/byt/2+1/praha-holesovice-u-uranie/3586797148
https://www.sreality.cz/detail/prodej/byt/2+kk/praha-holesovice-plynarni/475672156
https://www.sreality.cz/detail/prodej/byt/2+kk/praha-holesovice-u-pergamenky/407957084
https://www.sreality.cz/detail/prodej/byt/2+kk/praha-holesovice-u-pruhonu/3295293020